-------------------------------------------------------------------------------
Test set: de.frameworktsr.runners.RunnerTest
-------------------------------------------------------------------------------
Tests run: 1, Failures: 0, Errors: 1, Skipped: 0, Time elapsed: 61.73 s <<< FAILURE! - in de.frameworktsr.runners.RunnerTest
Swipe left(Swipe)  Time elapsed: 60.313 s  <<< ERROR!
io.cucumber.java.PendingException: TODO: implement me

